
Ox Console version 7.01 (Windows/U) (C) J.A. Doornik, 1994-2013
This version may be used for academic research and teaching only

 niqlow version 1.00 Copyright (C) 2011-2014 Christopher Ferrall.
 Execution of niqlow implies acceptance of its free software License (niqlow/niqlow-license.txt).
Warning: SetUpdateTime: Setting update time to AfterFixed. Transitions and actual values can depend on fixed effect values but not random effects.  If they do, results are not reliable.
-------------------- DP Model Summary ------------------------
Clock: 6. Uncertain Longevity (finite horizon until last period which ends randomly)
STATE VARIABLES
              |eps                 |eta |theta                                    -clock        |gamma
                w   eps0   eps1    s21  GROWN  Credi  Schoo  asset  Sch_l     HC      t     t'      r   abil   race  incom   nsib
       s.N      3      3      3      1      2      5      5      5      3      3     22      2      1      1      1      1      1


Transition Categories (not counting fixed or time)
                 NonRandom       Random   Coevolving    Augmented
     #Vars               1            3            5            5

Size of Spaces
                           N
        Exogenous         27
    SemiExogenous          1
       Endogenous       2250
            Times         22
    EV()Iterating       4500
    Ch.Prob.track      49500
     Random Groups         1
     Fixed Groups          1
    TotalUntrimmed   1336500

ACTION VARIABLES (900 distinct actions)
         schoi  atten   work  savin  loans  GrowU
    i.N      5      2      3      5      3      2


TRIMMING AND SUBSAMPLING
                              N
    TotalReachable        11268
         Terminal             0
     Approximated             0
    tfirsts (T-1...0)         0

ACTION SETS
    alpha       A[0]     A[1]     A[2]     A[3]     A[4]   
    (000000)      X        -        -        X        -    
    (100000)      X        -        -        -        X    
    (200000)      X        -        -        -        X    
    (300000)      X        -        -        -        X    
    (400000)      X        -        -        -        X    
    (010000)      X        -        -        X        -    
    (001000)      X        -        -        X        -    
    (011000)      X        -        -        X        -    
    (002000)      X        -        -        X        -    
    (012000)      X        -        -        X        -    
    (010010)      X        -        -        X        -    
    (011010)      X        -        -        X        -    
    (012010)      X        -        -        X        -    
    (010020)      X        -        -        X        -    
    (011020)      X        -        -        X        -    
    (012020)      X        -        -        X        -    
    (000001)      X        X        X        X        X    
    (010001)      X        -        X        X        -    
    (001001)      X        X        X        X        -    
    (011001)      X        -        X        X        -    
    (002001)      X        X        X        X        -    
    (012001)      X        -        X        X        -    
    (000101)      X        X        -        -        -    
    (001101)      X        X        -        -        -    
    (002101)      X        X        -        -        -    
    (000201)      X        X        -        -        -    
    (001201)      X        X        -        -        -    
    (002201)      X        X        -        -        -    
    (000301)      X        X        -        -        -    
    (001301)      X        X        -        -        -    
    (002301)      X        X        -        -        -    
    (000401)      X        X        -        -        -    
    (001401)      X        X        -        -        -    
    (002401)      X        X        -        -        -    
    (010011)      X        -        X        X        -    
    (011011)      X        -        X        X        -    
    (012011)      X        -        X        X        -    
    (010021)      X        -        X        X        -    
    (011021)      X        -        X        X        -    
    (012021)      X        -        X        X        -    
#States           0      915     1575     8775        3
    Key: X = row vector is feasible. - = infeasible
    Actions vectors not shown because they are never feasible: 860
Moments of Moments Read in

  sample size         mean      st.dev.          min          max
       13.000      0.28693      0.26896      0.00000      0.86957
       13.000     0.075937     0.078947      0.00000      0.33333
       13.000     0.024003     0.022575      0.00000     0.055435
       13.000      0.65296     0.060606      0.50000      0.73276

            f            t      Credits       attend    Sch_loans         work           HC       GrowUp      savings   SchoolType
      0.00000      0.00000      0.00000      0.00000      0.00000      0.00000      0.00000      0.10405      0.00000      0.00000
      0.00000       1.0000      0.43403      0.64740      0.00000  2.5964e-008      0.35013      0.31554      0.20162       2.4896
      0.00000       2.0000      0.66797      0.50163      0.84889  3.8770e-008      0.60929      0.45368      0.61650       1.8508
      0.00000       3.0000      0.77051      0.38644      0.67915  4.8273e-008      0.77019      0.55226      0.88570       1.3990
      0.00000       4.0000      0.78606      0.29523      0.52374  5.5343e-008      0.86516      0.62454       1.0776       1.0573
      0.00000       5.0000      0.73058      0.22268      0.40015  6.0547e-008      0.91723      0.67756       1.2183      0.79133
      0.00000       6.0000      0.62530      0.16467      0.30182  6.4307e-008      0.94159      0.71599       1.3214      0.58152
      0.00000       7.0000      0.49474      0.11797      0.22320  6.6952e-008      0.94815      0.74330       1.3962      0.41437
      0.00000       8.0000      0.35857     0.080070      0.15991  6.8741e-008      0.94340      0.76221       1.4493      0.27991
      0.00000       9.0000      0.22862     0.048919      0.10854  6.9883e-008      0.93154      0.77499       1.4860      0.17033
      0.00000       10.000      0.10954     0.022839     0.066318  7.0551e-008      0.91529      0.78391       1.5109     0.079133
      0.00000       11.000      0.00000      0.00000     0.030961  7.0926e-008      0.89640      0.76413       1.5283      0.00000
      0.00000       12.000      0.00000      0.00000  1.0440e-010  6.9130e-008      0.87598      0.74467       1.4893      0.00000
      0.00000       13.000      0.00000      0.00000  9.3221e-019  6.7375e-008      0.85524      0.72570       1.4514      0.00000
      0.00000       14.000      0.00000      0.00000  8.3237e-027  6.5663e-008      0.83448      0.70722       1.4144      0.00000
      0.00000       15.000      0.00000      0.00000  7.4322e-035  6.3993e-008      0.81388      0.68921       1.3784      0.00000
      0.00000       16.000      0.00000      0.00000  6.6362e-043  6.2365e-008      0.79358      0.67165       1.3433      0.00000
      0.00000       17.000      0.00000      0.00000  5.9255e-051  6.0778e-008      0.77365      0.65455       1.3091      0.00000
      0.00000       18.000      0.00000      0.00000  5.2908e-059  5.9231e-008      0.75413      0.63788       1.2758      0.00000
      0.00000       19.000      0.00000      0.00000  4.7242e-067  5.7723e-008      0.73504      0.62163       1.2433      0.00000
      0.00000       20.000      0.00000      0.00000      0.00000  4.3343e-008      0.71639      0.60580       1.2116      0.00000
      0.00000       21.000      0.00000      0.00000      0.00000  4.2242e-008      0.69820      0.59037       1.1807      0.00000
      0.00000       22.000      0.00000      0.00000      0.00000      0.00000      0.68045      0.00000      0.00000      0.00000


Report of explore on 

   Obj=                    .NaN
Free Parameters
                index          free      
Omega_10          0     1.00000000000
Omega_11          1    0.000000000000
Omega_12          2     1.00000000000
Omega_13          3     1.00000000000
Omega_14          4    0.000000000000
Omega_15          5     1.00000000000
Omega_16          6    0.000000000000
Omega_17          7    0.000000000000
Omega_18          8    0.000000000000
Omega_19          9    0.000000000000
Beta_10          10     1.00000000000
Beta_11          11     1.00000000000
Beta_12          12     1.00000000000
Phi0             13     1.00000000000
Phi1             14     1.00000000000
Phi2             15     1.00000000000
Phi3             16     1.00000000000
Phi4             17     1.00000000000
Phi5             18     1.00000000000
Phi_10           19     1.00000000000
Phi_11           20     1.00000000000
Phi_12           21     1.00000000000
Phi_13           22     1.00000000000
Phi_14           23     1.00000000000
Phi_15           24     1.00000000000
Phi_16           25     1.00000000000
Phi_20           26     1.00000000000
Phi_21           27     1.00000000000
Phi_22           28     1.00000000000
Phi_23           29     1.00000000000
Phi_24           30     1.00000000000
Phi_25           31     1.00000000000
Phi_30           32     1.00000000000
Phi_31           33     1.00000000000
Phi_32           34     1.00000000000
Phi_33           35     1.00000000000
Phi_34           36     1.00000000000
Phi_35           37     1.00000000000
Phi_36           38     1.00000000000
Actual Parameters
                         Value 
Omega_10          2.90000000000
Omega_11         0.000000000000
Omega_12       -0.0107000000000
Omega_13        0.0670000000000
Omega_14         0.000000000000
Omega_15        -0.220000000000
Omega_16         0.000000000000
Omega_17         0.000000000000
Omega_18         0.000000000000
Omega_19         0.000000000000
Beta_10           10.8000000000
Beta_11        0.00210000000000
Beta_12        0.00330000000000
Phi0             0.100000000000
Phi1             0.150000000000
Phi2             0.200000000000
Phi3             0.240000000000
Phi4             0.150000000000
Phi5             0.150000000000
Phi_10           0.190000000000
Phi_11          0.0500000000000
Phi_12          0.0700000000000
Phi_13           0.500000000000
Phi_14          0.0800000000000
Phi_15           0.100000000000
Phi_16           0.200000000000
Phi_20          0.0500000000000
Phi_21           0.100000000000
Phi_22           0.100000000000
Phi_23           0.120000000000
Phi_24          0.0760000000000
Phi_25           0.110000000000
Phi_30          0.0850000000000
Phi_31          0.0500000000000
Phi_32          0.0700000000000
Phi_33           0.100000000000
Phi_34          0.0800000000000
Phi_35           0.100000000000
Phi_36          0.0500000000000

       f       t Credits  attendSch_loans    work      HC  GrowUp savingsSchoolType
  0.0000  0.0000  0.0000  0.0000  0.0000  0.0000  0.0000  0.1040  0.0000  0.0000
  0.0000  1.0000  0.4340  0.6474  0.0000  0.0000  0.3501  0.3155  0.2016  2.4896
  0.0000  2.0000  0.6680  0.5016  0.8489  0.0000  0.6093  0.4537  0.6165  1.8508
  0.0000  3.0000  0.7705  0.3864  0.6792  0.0000  0.7702  0.5523  0.8857  1.3990
  0.0000  4.0000  0.7861  0.2952  0.5237  0.0000  0.8652  0.6245  1.0776  1.0573
  0.0000  5.0000  0.7306  0.2227  0.4001  0.0000  0.9172  0.6776  1.2183  0.7913
  0.0000  6.0000  0.6253  0.1647  0.3018  0.0000  0.9416  0.7160  1.3214  0.5815
  0.0000  7.0000  0.4947  0.1180  0.2232  0.0000  0.9482  0.7433  1.3962  0.4144
  0.0000  8.0000  0.3586  0.0801  0.1599  0.0000  0.9434  0.7622  1.4493  0.2799
  0.0000  9.0000  0.2286  0.0489  0.1085  0.0000  0.9315  0.7750  1.4860  0.1703
  0.0000 10.0000  0.1095  0.0228  0.0663  0.0000  0.9153  0.7839  1.5109  0.0791
  0.0000 11.0000  0.0000  0.0000  0.0310  0.0000  0.8964  0.7641  1.5283  0.0000
  0.0000 12.0000  0.0000  0.0000  0.0000  0.0000  0.8760  0.7447  1.4893  0.0000
  0.0000 13.0000  0.0000  0.0000  0.0000  0.0000  0.8552  0.7257  1.4514  0.0000
  0.0000 14.0000  0.0000  0.0000  0.0000  0.0000  0.8345  0.7072  1.4144  0.0000
  0.0000 15.0000  0.0000  0.0000  0.0000  0.0000  0.8139  0.6892  1.3784  0.0000
  0.0000 16.0000  0.0000  0.0000  0.0000  0.0000  0.7936  0.6717  1.3433  0.0000
  0.0000 17.0000  0.0000  0.0000  0.0000  0.0000  0.7737  0.6545  1.3091  0.0000
  0.0000 18.0000  0.0000  0.0000  0.0000  0.0000  0.7541  0.6379  1.2758  0.0000
  0.0000 19.0000  0.0000  0.0000  0.0000  0.0000  0.7350  0.6216  1.2433  0.0000
  0.0000 20.0000  0.0000  0.0000  0.0000  0.0000  0.7164  0.6058  1.2116  0.0000
  0.0000 21.0000  0.0000  0.0000  0.0000  0.0000  0.6982  0.5904  1.1807  0.0000
  0.0000 22.0000  0.0000  0.0000  0.0000  0.0000  0.6804  0.0000  0.0000  0.0000


 Value = 1.72691
-------------------------
File name:NoObjective..optobj
fprint(): type error in argument 1; expected: file, found: int
Runtime error: argument error
Runtime error occurred in Save (73), call trace: 
 (73): Save
 (141): CheckMax
 (327): fobj
 (109): Iterate
BlackBox.ox (73): Explore
c:/Users/Mike/Desktop/Ferrall_MB/mb/QualityConstraints_2.ox (118): Replicate
c:\Users\Mike\Desktop\Ferrall_MB\mb\QualityConstraints_2Main.ox (4): main
